runtime 0.000186 seconds
runtime 0.000141 seconds
runtime 0.000109 seconds
runtime 0.000098 seconds
runtime 0.000098 seconds
average runtime of 512-sized mtr X vector is 0.000126 seconds
---------------------------------

			=============	Size 500 	=============

runtime 0.126835 seconds
runtime 0.121895 seconds
runtime 0.124245 seconds
runtime 0.124752 seconds
runtime 0.121509 seconds
average runtime ijk 0.123847 seconds
---------------------------------
runtime 0.028671 seconds
runtime 0.028390 seconds
runtime 0.028099 seconds
runtime 0.028286 seconds
runtime 0.028551 seconds
average runtime kij 0.028399 seconds
---------------------------------
runtime 0.028166 seconds
runtime 0.028847 seconds
runtime 0.028828 seconds
runtime 0.028572 seconds
runtime 0.028448 seconds
average runtime kij opt 0.028572 seconds
---------------------------------
runtime 0.015736 seconds
runtime 0.015708 seconds
runtime 0.015821 seconds
runtime 0.015679 seconds
runtime 0.015666 seconds
average runtime ikj ordering MY 0.015722 seconds
---------------------------------
runtime 0.004341 seconds
runtime 0.004239 seconds
runtime 0.004365 seconds
runtime 0.004303 seconds
runtime 0.004317 seconds
average runtime ij ordering optimization MY 0.004313 seconds
---------------------------------

			=============	Size 512 	=============

runtime 0.272403 seconds
runtime 0.275914 seconds
runtime 0.270776 seconds
runtime 0.269605 seconds
runtime 0.269316 seconds
average runtime ijk 0.271603 seconds
---------------------------------
runtime 0.031793 seconds
runtime 0.031262 seconds
runtime 0.037987 seconds
runtime 0.033404 seconds
runtime 0.031746 seconds
average runtime kij 0.033238 seconds
---------------------------------
runtime 0.031487 seconds
runtime 0.030636 seconds
runtime 0.030270 seconds
runtime 0.031488 seconds
runtime 0.031928 seconds
average runtime kij opt 0.031162 seconds
---------------------------------
runtime 0.015638 seconds
runtime 0.015708 seconds
runtime 0.015557 seconds
runtime 0.015527 seconds
runtime 0.015526 seconds
average runtime ikj ordering MY 0.015591 seconds
---------------------------------
runtime 0.004971 seconds
runtime 0.004867 seconds
runtime 0.004851 seconds
runtime 0.004763 seconds
runtime 0.004762 seconds
average runtime ij ordering optimization MY 0.004843 seconds
---------------------------------

			=============	Size 1000 	=============

runtime 1.413529 seconds
runtime 1.451918 seconds
runtime 1.410811 seconds
runtime 1.411534 seconds
runtime 1.408375 seconds
average runtime ijk 1.419233 seconds
---------------------------------
runtime 0.282551 seconds
runtime 0.316223 seconds
runtime 0.327449 seconds
runtime 0.299821 seconds
runtime 0.267376 seconds
average runtime kij 0.298684 seconds
---------------------------------
runtime 0.272303 seconds
runtime 0.266258 seconds
runtime 0.275554 seconds
runtime 0.288055 seconds
runtime 0.279903 seconds
average runtime kij opt 0.276415 seconds
---------------------------------
runtime 0.128956 seconds
runtime 0.128447 seconds
runtime 0.131250 seconds
runtime 0.130543 seconds
runtime 0.130390 seconds
average runtime ikj ordering MY 0.129917 seconds
---------------------------------
runtime 0.042050 seconds
runtime 0.050130 seconds
runtime 0.044392 seconds
runtime 0.042607 seconds
runtime 0.042865 seconds
average runtime ij ordering optimization MY 0.044409 seconds
---------------------------------

			=============	Size 1024 	=============

runtime 2.493607 seconds
runtime 2.436078 seconds
runtime 2.416154 seconds
runtime 2.414288 seconds
runtime 2.509406 seconds
average runtime ijk 2.453907 seconds
---------------------------------
runtime 0.316733 seconds
runtime 0.319736 seconds
runtime 0.309368 seconds
runtime 0.310064 seconds
runtime 0.304061 seconds
average runtime kij 0.311992 seconds
---------------------------------
runtime 0.314572 seconds
runtime 0.365173 seconds
runtime 0.362554 seconds
runtime 0.309509 seconds
runtime 0.333534 seconds
average runtime kij opt 0.337068 seconds
---------------------------------
runtime 0.142555 seconds
runtime 0.157689 seconds
runtime 0.156633 seconds
runtime 0.145975 seconds
runtime 0.145379 seconds
average runtime ikj ordering MY 0.149646 seconds
---------------------------------
runtime 0.044743 seconds
runtime 0.045012 seconds
runtime 0.045259 seconds
runtime 0.044860 seconds
runtime 0.045104 seconds
average runtime ij ordering optimization MY 0.044996 seconds
---------------------------------

			=============	Size 2000 	=============

runtime 30.158371 seconds
runtime 30.250677 seconds
runtime 30.068999 seconds
runtime 30.040659 seconds
runtime 30.043511 seconds
average runtime ijk 30.112443 seconds
---------------------------------
runtime 4.816756 seconds
runtime 4.766977 seconds
runtime 4.525204 seconds
runtime 4.621812 seconds
runtime 4.585383 seconds
average runtime kij 4.663226 seconds
---------------------------------
runtime 4.586229 seconds
runtime 4.501358 seconds
runtime 4.597370 seconds
runtime 4.517150 seconds
runtime 4.533652 seconds
average runtime kij opt 4.547152 seconds
---------------------------------
runtime 1.732063 seconds
runtime 1.627060 seconds
runtime 1.638273 seconds
runtime 1.707033 seconds
runtime 1.659333 seconds
average runtime ikj ordering MY 1.672752 seconds
---------------------------------
runtime 0.840094 seconds
runtime 0.850370 seconds
runtime 0.826561 seconds
runtime 0.807402 seconds
runtime 0.915455 seconds
average runtime ij ordering optimization MY 0.847976 seconds
---------------------------------

			=============	Size 2048 	=============

runtime 42.369159 seconds
runtime 42.373992 seconds
runtime 42.390794 seconds
runtime 42.465459 seconds
runtime 42.365037 seconds
average runtime ijk 42.392888 seconds
---------------------------------
runtime 4.875053 seconds
runtime 4.745455 seconds
runtime 4.660013 seconds
runtime 4.937895 seconds
runtime 4.825613 seconds
average runtime kij 4.808806 seconds
---------------------------------
runtime 4.934604 seconds
runtime 5.079878 seconds
runtime 5.183155 seconds
runtime 5.128213 seconds
runtime 5.341379 seconds
average runtime kij opt 5.133446 seconds
---------------------------------
runtime 1.694615 seconds
runtime 1.907039 seconds
runtime 1.894883 seconds
runtime 1.825572 seconds
runtime 1.831386 seconds
average runtime ikj ordering MY 1.830699 seconds
---------------------------------
runtime 1.359739 seconds
runtime 1.294038 seconds
runtime 1.326033 seconds
runtime 1.277076 seconds
runtime 1.268432 seconds
average runtime ij ordering optimization MY 1.305064 seconds
---------------------------------
